

<!DOCTYPE html>
<html>
<head>
<meta charset="UTF-8">
<meta name="viewport" content="width=device-width, initial-scale=1, shrink-to-fit=no">
<title>ExtentReport</title>
<link rel="apple-touch-icon" href="https://cdn.jsdelivr.net/gh/extent-framework/extent-github-cdn@b00a2d0486596e73dd7326beacf352c639623a0e/commons/img/logo.png">
<link rel="shortcut icon" href="https://cdn.jsdelivr.net/gh/extent-framework/extent-github-cdn@b00a2d0486596e73dd7326beacf352c639623a0e/commons/img/logo.png">
<link href="https://cdn.jsdelivr.net/gh/extent-framework/extent-github-cdn@d6562a79075e061305ccfdb82f01e5e195e2d307/spark/css/spark-style.css" rel="stylesheet" />
<link href="https://stackpath.bootstrapcdn.com/font-awesome/4.7.0/css/font-awesome.min.css" rel="stylesheet">
<script src="https://cdn.jsdelivr.net/gh/extent-framework/extent-github-cdn@7cc78ce/spark/js/jsontree.js"></script>
<style type="text/css"></style></head><body class="spa bdd-report dark">
  <div class="app">
    <div class="layout">
<div class="header navbar">
<div class="vheader">
<div class="nav-logo">
<a href="#">
<div class="logo" style="background-image: url('https://cdn.jsdelivr.net/gh/extent-framework/extent-github-cdn@b00a2d0486596e73dd7326beacf352c639623a0e/commons/img/logo.png')"></div>
</a>
</div>
<ul class="nav-left">
<li class="search-box">
<a class="search-toggle" href="#">
<i class="search-icon fa fa-search"></i>
<i class="search-icon-close fa fa-close"></i>
</a>
</li>
<li class="search-input"><input id="search-tests" class="form-control" type="text" placeholder="Search..."></li>
</ul>
<ul class="nav-right">
<li class="m-r-10">
<a href="#"><span class="badge badge-primary">Ds-AlgoProject Report</span></a>
</li>
<li class="m-r-10">
<a href="#"><span class="badge badge-primary">May 10, 2023 08:44:40 AM</span></a>
</li>
</ul>
</div>
</div><div class="side-nav">
<div class="side-nav-inner">
<ul class="side-nav-menu">
<li class="nav-item dropdown" onclick="toggleView('test-view')">
<a id="nav-test" class="dropdown-toggle" href="#">
<span class="ico"><i class="fa fa-list"></i></span>
</a>
</li>
<li class="nav-item dropdown" onclick="toggleView('exception-view')">
<a id="nav-exception" class="dropdown-toggle" href="#">
<span class="ico"><i class="fa fa-bug"></i></span>
</a>
</li>
<li class="nav-item dropdown" onclick="toggleView('category-view')">
<a id="nav-category" class="dropdown-toggle" href="#">
<span class="ico"><i class="fa fa-tag"></i></span>
</a>
</li>
<li class="nav-item dropdown" onclick="toggleView('dashboard-view')">
<a id="nav-dashboard" class="dropdown-toggle" href="#">
<span class="ico"><i class="fa fa-bar-chart"></i></span>
</a>
</li>
</ul>
</div>
</div>      <div class="vcontainer">
        <div class="main-content">
<div class="test-wrapper row view test-view">
  <div class="test-list">
    <div class="test-list-tools">
<ul class="tools pull-left">
<li><a href="#"><span class="font-size-14">Tests</span></a></li>
</ul>
<ul class="tools text-right">
<li class="dropdown">
<a href="#" class="dropdown-toggle" data-toggle="dropdown"><i class="fa fa-exclamation-circle"></i></a>
<ul id="status-toggle" class="dropdown-menu dropdown-md p-v-0">
<a class="dropdown-item" status="pass" href="#"><span>Pass</span><span class="status success"></span></a>
<a class="dropdown-item" status="fail" href="#"><span>Fail</span><span class="status danger"></span></a>
<div class="dropdown-divider"></div>
<a status="clear" class="dropdown-item" href="#"><span>Clear</span><span class="pull-right"><i class="fa fa-close"></i></span></a>
</ul>
</li>
<li class="dropdown">
<a href="#" class="dropdown-toggle" data-toggle="dropdown"><i class="fa fa-tag"></i></a>
<ul id="tag-toggle" class="dropdown-menu dropdown-md p-v-0">
<a class="dropdown-item" href="#">@portal</a><a class="dropdown-item" href="#">@home</a><a class="dropdown-item" href="#">@register</a><a class="dropdown-item" href="#">@login</a>
</ul>
</li>
</ul>
</div>    <div class="test-list-wrapper scrollable">
      <ul class="test-list-item">
        <li class="test-item"  status="pass" test-id="1"
          author=""
          tag=""
          device="">
          <div class="test-detail">
            <p class="name">feature to test ds algo portal link</p>
            <p class="text-sm">
              <span>8:44:41 AM</span> / <span>00:00:13:307</span>
              <span class="badge pass-bg log float-right">Pass</span>
            </p>
          </div>
          <div class="test-contents d-none">
<div class="detail-head">
<div class="p-v-10">
<div class="info">
<h5 class="test-status text-pass">feature to test ds algo portal link</h5>
<span class='badge badge-success'>05.10.2023 8:44:41 AM</span>
<span class='badge badge-danger'>05.10.2023 8:44:54 AM</span>
<span class='badge badge-default'>00:00:13:307</span>
&middot; <span class='uri-anchor badge badge-default'>#test-id=1</span>
<span class='badge badge-default pointer float-right ml-1 et'><i class="fa fa-chevron-down"></i></span>
<span class='badge badge-default pointer float-right ct'><i class="fa fa-chevron-up"></i></span>
</div>
<div class="m-t-10 m-l-5"></div>
</div>
</div>
<div class="accordion mt-4">
  <div class="card">
    <div class="card-header" role="tab">
      <div class="card-title">
        <div class="node" id="2"><span class="badge log pass-bg mr-2">Pass</span>Launch url and navigate to home page</div>
      </div>
    </div>
        <div class="collapse">
          <div class="card-body">
              <div class="step pass-bg" title="stepdefinitions.PortalSteps.user_launch_chrome_browser()">
                <span>Given User launch chrome browser</span>
      <div>
      </div>
              </div>
              <div class="step pass-bg" title="stepdefinitions.PortalSteps.user_opens_dsalgo_portal_app_url()">
                <span>And User opens dsalgo portal app url</span>
      <div>
      </div>
              </div>
              <div class="step pass-bg" title="stepdefinitions.PortalSteps.user_click_on_get_started_button()">
                <span>When User click on Get Started button</span>
      <div>
      </div>
              </div>
              <div class="step pass-bg" title="stepdefinitions.PortalSteps.user_is_navigated_to_home_page()">
                <span>Then User is navigated to Home page</span>
      <div>
      </div>
              </div>
          </div>
        </div>
  </div>
</div>
          </div>
        </li>
        <li class="test-item"  status="pass" test-id="10"
          author=""
          tag=""
          device="">
          <div class="test-detail">
            <p class="name">evaluate home page</p>
            <p class="text-sm">
              <span>8:44:54 AM</span> / <span>00:00:01:075</span>
              <span class="badge pass-bg log float-right">Pass</span>
            </p>
          </div>
          <div class="test-contents d-none">
<div class="detail-head">
<div class="p-v-10">
<div class="info">
<h5 class="test-status text-pass">evaluate home page</h5>
<span class='badge badge-success'>05.10.2023 8:44:54 AM</span>
<span class='badge badge-danger'>05.10.2023 8:44:55 AM</span>
<span class='badge badge-default'>00:00:01:075</span>
&middot; <span class='uri-anchor badge badge-default'>#test-id=10</span>
<span class='badge badge-default pointer float-right ml-1 et'><i class="fa fa-chevron-down"></i></span>
<span class='badge badge-default pointer float-right ct'><i class="fa fa-chevron-up"></i></span>
</div>
<div class="m-t-10 m-l-5"></div>
</div>
</div>
<div class="accordion mt-4">
  <div class="card">
    <div class="card-header" role="tab">
      <div class="card-title">
        <div class="node" id="11"><span class="badge log pass-bg mr-2">Pass</span>User navigate to home page</div>
      </div>
    </div>
        <div class="collapse">
          <div class="card-body">
              <div class="step pass-bg" title="stepdefinitions.HomepageSteps.user_click_on_data_structures_dropdown()">
                <span>Given User click on Data Structures dropdown</span>
      <div>
      </div>
              </div>
              <div class="step pass-bg" title="stepdefinitions.HomepageSteps.user_click_on_arrays_from_the_dropdown()">
                <span>When User click on arrays from the dropdown</span>
      <div>
      </div>
              </div>
              <div class="step pass-bg" title="stepdefinitions.HomepageSteps.it_shows_error_message(java.lang.String)">
                <span>Then It  shows error message "You are not logged in"</span>
      <div>
      </div>
              </div>
          </div>
        </div>
  </div>
  <div class="card">
    <div class="card-header" role="tab">
      <div class="card-title">
        <div class="node" id="18"><span class="badge log pass-bg mr-2">Pass</span>Launch url and navigate to home page</div>
      </div>
    </div>
        <div class="collapse">
          <div class="card-body">
              <div class="step pass-bg" title="stepdefinitions.HomepageSteps.user_click_on_one_of_the_module_from_home_page()">
                <span>When User click on one of the module from home page</span>
      <div>
      </div>
              </div>
              <div class="step pass-bg" title="stepdefinitions.HomepageSteps.it_is_showing_error_message_you_are_not_logged_in()">
                <span>Then It is showing error message You are not logged in</span>
      <div>
      </div>
              </div>
          </div>
        </div>
  </div>
</div>
          </div>
        </li>
        <li class="test-item"  status="fail" test-id="24"
          author=""
          tag=""
          device="">
          <div class="test-detail">
            <p class="name">feature to test new user registration</p>
            <p class="text-sm">
              <span>8:44:55 AM</span> / <span>00:00:13:875</span>
              <span class="badge fail-bg log float-right">Fail</span>
            </p>
          </div>
          <div class="test-contents d-none">
<div class="detail-head">
<div class="p-v-10">
<div class="info">
<h5 class="test-status text-fail">feature to test new user registration</h5>
<span class='badge badge-success'>05.10.2023 8:44:55 AM</span>
<span class='badge badge-danger'>05.10.2023 8:45:09 AM</span>
<span class='badge badge-default'>00:00:13:875</span>
&middot; <span class='uri-anchor badge badge-default'>#test-id=24</span>
<span class='badge badge-default pointer float-right ml-1 et'><i class="fa fa-chevron-down"></i></span>
<span class='badge badge-default pointer float-right ct'><i class="fa fa-chevron-up"></i></span>
</div>
<div class="m-t-10 m-l-5"></div>
</div>
</div>
<div class="accordion mt-4">
  <div class="card">
    <div class="card-header" role="tab">
      <div class="card-title">
        <div class="node" id="25"><span class="badge log fail-bg mr-2">Fail</span>user navigate to registration page</div>
          <div class="status-avatar float-right mr-4">
            <i class="fa fa-paperclip"></i>
          </div>
      </div>
    </div>
        <div class="scenario_outline ">
            <div class="card-body l1">
              <div class="card-header">
                <div class="card-title outline-child">
                  <div class="node" id="26"><span class="badge log pass-bg mr-2">Pass</span>user navigate to registration page</div>
                </div>
              </div>
              <div class="card-body mt-3 collapse">
                  <div class="step pass-bg">
                    <span>Given user click registration link</span>
      <div>
      </div>
                  </div>
                  <div class="step pass-bg">
                    <span>When user enter username,password,confirm password from given "Sheet1" and 0</span>
      <div>
      </div>
                  </div>
                  <div class="step pass-bg">
                    <span>Then user click register button with expected message</span>
      <div>
      </div>
                  </div>
              </div>
            </div>
            <div class="card-body l1">
              <div class="card-header">
                <div class="card-title outline-child">
                  <div class="node" id="33"><span class="badge log fail-bg mr-2">Fail</span>user navigate to registration page</div>
                    <div class="status-avatar float-right">
                      <i class="fa fa-paperclip"></i>
                    </div>
                </div>
              </div>
              <div class="card-body mt-3 ">
                  <div class="step pass-bg">
                    <span>Given user click registration link</span>
      <div>
      </div>
                  </div>
                  <div class="step pass-bg">
                    <span>When user enter username,password,confirm password from given "Sheet1" and 1</span>
      <div>
      </div>
                  </div>
                  <div class="step fail-bg">
                    <span>Then user click register button with expected message</span>
      <div>
        <textarea disabled class="code-block">java.lang.AssertionError: expected [Please fill out this field.] but found []
	at org.testng.Assert.fail(Assert.java:110)
	at org.testng.Assert.failNotEquals(Assert.java:1577)
	at org.testng.Assert.assertEqualsImpl(Assert.java:149)
	at org.testng.Assert.assertEquals(Assert.java:131)
	at org.testng.Assert.assertEquals(Assert.java:655)
	at org.testng.Assert.assertEquals(Assert.java:665)
	at stepdefinitions.RegitrationSteps.user_click_register_button_with_expected_message(RegitrationSteps.java:69)
	at ✽.user click register button with expected message(file:///C:/Users/kiran/eclipse-workspace/ZoomDs_algo/src/test/resources/features/3RegisterPage.feature:8)
</textarea>
      
      </div>
                  </div>
                  <div class="step pass-bg">
                    <span>HooksPkg.Hooks.tearDown(io.cucumber.java.Scenario)</span>
      <div>user navigate to registration page
          <div class="row mb-3"><div class="col-md-3">
<img data-featherlight='../ScreenShots/embedded1.png' src="../ScreenShots/embedded1.png">
    
    </div></div>
</div>
      <div>
      </div>
                  </div>
              </div>
            </div>
            <div class="card-body l1">
              <div class="card-header">
                <div class="card-title outline-child">
                  <div class="node" id="40"><span class="badge log fail-bg mr-2">Fail</span>user navigate to registration page</div>
                    <div class="status-avatar float-right">
                      <i class="fa fa-paperclip"></i>
                    </div>
                </div>
              </div>
              <div class="card-body mt-3 ">
                  <div class="step pass-bg">
                    <span>Given user click registration link</span>
      <div>
      </div>
                  </div>
                  <div class="step pass-bg">
                    <span>When user enter username,password,confirm password from given "Sheet1" and 2</span>
      <div>
      </div>
                  </div>
                  <div class="step fail-bg">
                    <span>Then user click register button with expected message</span>
      <div>
        <textarea disabled class="code-block">java.lang.AssertionError: expected [Please fill out this field.] but found []
	at org.testng.Assert.fail(Assert.java:110)
	at org.testng.Assert.failNotEquals(Assert.java:1577)
	at org.testng.Assert.assertEqualsImpl(Assert.java:149)
	at org.testng.Assert.assertEquals(Assert.java:131)
	at org.testng.Assert.assertEquals(Assert.java:655)
	at org.testng.Assert.assertEquals(Assert.java:665)
	at stepdefinitions.RegitrationSteps.user_click_register_button_with_expected_message(RegitrationSteps.java:69)
	at ✽.user click register button with expected message(file:///C:/Users/kiran/eclipse-workspace/ZoomDs_algo/src/test/resources/features/3RegisterPage.feature:8)
</textarea>
      
      </div>
                  </div>
                  <div class="step pass-bg">
                    <span>HooksPkg.Hooks.tearDown(io.cucumber.java.Scenario)</span>
      <div>user navigate to registration page
          <div class="row mb-3"><div class="col-md-3">
<img data-featherlight='../ScreenShots/embedded2.png' src="../ScreenShots/embedded2.png">
    
    </div></div>
</div>
      <div>
      </div>
                  </div>
              </div>
            </div>
            <div class="card-body l1">
              <div class="card-header">
                <div class="card-title outline-child">
                  <div class="node" id="47"><span class="badge log fail-bg mr-2">Fail</span>user navigate to registration page</div>
                    <div class="status-avatar float-right">
                      <i class="fa fa-paperclip"></i>
                    </div>
                </div>
              </div>
              <div class="card-body mt-3 ">
                  <div class="step pass-bg">
                    <span>Given user click registration link</span>
      <div>
      </div>
                  </div>
                  <div class="step pass-bg">
                    <span>When user enter username,password,confirm password from given "Sheet1" and 3</span>
      <div>
      </div>
                  </div>
                  <div class="step fail-bg">
                    <span>Then user click register button with expected message</span>
      <div>
        <textarea disabled class="code-block">java.lang.AssertionError: expected [password_missmatch:The two password fields didn't match.] but found [password_mismatch:The two password fields didn’t match.]
	at org.testng.Assert.fail(Assert.java:110)
	at org.testng.Assert.failNotEquals(Assert.java:1577)
	at org.testng.Assert.assertEqualsImpl(Assert.java:149)
	at org.testng.Assert.assertEquals(Assert.java:131)
	at org.testng.Assert.assertEquals(Assert.java:655)
	at org.testng.Assert.assertEquals(Assert.java:665)
	at stepdefinitions.RegitrationSteps.user_click_register_button_with_expected_message(RegitrationSteps.java:75)
	at ✽.user click register button with expected message(file:///C:/Users/kiran/eclipse-workspace/ZoomDs_algo/src/test/resources/features/3RegisterPage.feature:8)
</textarea>
      
      </div>
                  </div>
                  <div class="step pass-bg">
                    <span>HooksPkg.Hooks.tearDown(io.cucumber.java.Scenario)</span>
      <div>user navigate to registration page
          <div class="row mb-3"><div class="col-md-3">
<img data-featherlight='../ScreenShots/embedded3.png' src="../ScreenShots/embedded3.png">
    
    </div></div>
</div>
      <div>
      </div>
                  </div>
              </div>
            </div>
            <div class="card-body l1">
              <div class="card-header">
                <div class="card-title outline-child">
                  <div class="node" id="54"><span class="badge log fail-bg mr-2">Fail</span>user navigate to registration page</div>
                    <div class="status-avatar float-right">
                      <i class="fa fa-paperclip"></i>
                    </div>
                </div>
              </div>
              <div class="card-body mt-3 ">
                  <div class="step pass-bg">
                    <span>Given user click registration link</span>
      <div>
      </div>
                  </div>
                  <div class="step pass-bg">
                    <span>When user enter username,password,confirm password from given "Sheet1" and 4</span>
      <div>
      </div>
                  </div>
                  <div class="step fail-bg">
                    <span>Then user click register button with expected message</span>
      <div>
        <textarea disabled class="code-block">java.lang.AssertionError: expected [password_missmatch:The two password fields didn't match.] but found [password_mismatch:The two password fields didn’t match.]
	at org.testng.Assert.fail(Assert.java:110)
	at org.testng.Assert.failNotEquals(Assert.java:1577)
	at org.testng.Assert.assertEqualsImpl(Assert.java:149)
	at org.testng.Assert.assertEquals(Assert.java:131)
	at org.testng.Assert.assertEquals(Assert.java:655)
	at org.testng.Assert.assertEquals(Assert.java:665)
	at stepdefinitions.RegitrationSteps.user_click_register_button_with_expected_message(RegitrationSteps.java:75)
	at ✽.user click register button with expected message(file:///C:/Users/kiran/eclipse-workspace/ZoomDs_algo/src/test/resources/features/3RegisterPage.feature:8)
</textarea>
      
      </div>
                  </div>
                  <div class="step pass-bg">
                    <span>HooksPkg.Hooks.tearDown(io.cucumber.java.Scenario)</span>
      <div>user navigate to registration page
          <div class="row mb-3"><div class="col-md-3">
<img data-featherlight='../ScreenShots/embedded4.png' src="../ScreenShots/embedded4.png">
    
    </div></div>
</div>
      <div>
      </div>
                  </div>
              </div>
            </div>
            <div class="card-body l1">
              <div class="card-header">
                <div class="card-title outline-child">
                  <div class="node" id="61"><span class="badge log fail-bg mr-2">Fail</span>user navigate to registration page</div>
                    <div class="status-avatar float-right">
                      <i class="fa fa-paperclip"></i>
                    </div>
                </div>
              </div>
              <div class="card-body mt-3 ">
                  <div class="step pass-bg">
                    <span>Given user click registration link</span>
      <div>
      </div>
                  </div>
                  <div class="step pass-bg">
                    <span>When user enter username,password,confirm password from given "Sheet1" and 5</span>
      <div>
      </div>
                  </div>
                  <div class="step fail-bg">
                    <span>Then user click register button with expected message</span>
      <div>
        <textarea disabled class="code-block">java.lang.AssertionError: expected [password_missmatch:The two password fields didn't match.] but found [password_mismatch:The two password fields didn’t match.]
	at org.testng.Assert.fail(Assert.java:110)
	at org.testng.Assert.failNotEquals(Assert.java:1577)
	at org.testng.Assert.assertEqualsImpl(Assert.java:149)
	at org.testng.Assert.assertEquals(Assert.java:131)
	at org.testng.Assert.assertEquals(Assert.java:655)
	at org.testng.Assert.assertEquals(Assert.java:665)
	at stepdefinitions.RegitrationSteps.user_click_register_button_with_expected_message(RegitrationSteps.java:75)
	at ✽.user click register button with expected message(file:///C:/Users/kiran/eclipse-workspace/ZoomDs_algo/src/test/resources/features/3RegisterPage.feature:8)
</textarea>
      
      </div>
                  </div>
                  <div class="step pass-bg">
                    <span>HooksPkg.Hooks.tearDown(io.cucumber.java.Scenario)</span>
      <div>user navigate to registration page
          <div class="row mb-3"><div class="col-md-3">
<img data-featherlight='../ScreenShots/embedded5.png' src="../ScreenShots/embedded5.png">
    
    </div></div>
</div>
      <div>
      </div>
                  </div>
              </div>
            </div>
            <div class="card-body l1">
              <div class="card-header">
                <div class="card-title outline-child">
                  <div class="node" id="68"><span class="badge log fail-bg mr-2">Fail</span>user navigate to registration page</div>
                    <div class="status-avatar float-right">
                      <i class="fa fa-paperclip"></i>
                    </div>
                </div>
              </div>
              <div class="card-body mt-3 ">
                  <div class="step pass-bg">
                    <span>Given user click registration link</span>
      <div>
      </div>
                  </div>
                  <div class="step pass-bg">
                    <span>When user enter username,password,confirm password from given "Sheet1" and 6</span>
      <div>
      </div>
                  </div>
                  <div class="step fail-bg">
                    <span>Then user click register button with expected message</span>
      <div>
        <textarea disabled class="code-block">java.lang.AssertionError: expected [password_missmatch:The two password fields didn't match.] but found [password_mismatch:The two password fields didn’t match.]
	at org.testng.Assert.fail(Assert.java:110)
	at org.testng.Assert.failNotEquals(Assert.java:1577)
	at org.testng.Assert.assertEqualsImpl(Assert.java:149)
	at org.testng.Assert.assertEquals(Assert.java:131)
	at org.testng.Assert.assertEquals(Assert.java:655)
	at org.testng.Assert.assertEquals(Assert.java:665)
	at stepdefinitions.RegitrationSteps.user_click_register_button_with_expected_message(RegitrationSteps.java:75)
	at ✽.user click register button with expected message(file:///C:/Users/kiran/eclipse-workspace/ZoomDs_algo/src/test/resources/features/3RegisterPage.feature:8)
</textarea>
      
      </div>
                  </div>
                  <div class="step pass-bg">
                    <span>HooksPkg.Hooks.tearDown(io.cucumber.java.Scenario)</span>
      <div>user navigate to registration page
          <div class="row mb-3"><div class="col-md-3">
<img data-featherlight='../ScreenShots/embedded6.png' src="../ScreenShots/embedded6.png">
    
    </div></div>
</div>
      <div>
      </div>
                  </div>
              </div>
            </div>
            <div class="card-body l1">
              <div class="card-header">
                <div class="card-title outline-child">
                  <div class="node" id="75"><span class="badge log fail-bg mr-2">Fail</span>user navigate to registration page</div>
                    <div class="status-avatar float-right">
                      <i class="fa fa-paperclip"></i>
                    </div>
                </div>
              </div>
              <div class="card-body mt-3 ">
                  <div class="step pass-bg">
                    <span>Given user click registration link</span>
      <div>
      </div>
                  </div>
                  <div class="step pass-bg">
                    <span>When user enter username,password,confirm password from given "Sheet1" and 7</span>
      <div>
      </div>
                  </div>
                  <div class="step fail-bg">
                    <span>Then user click register button with expected message</span>
      <div>
        <textarea disabled class="code-block">java.lang.AssertionError: expected [password_missmatch:The two password fields didn't match.] but found [password_mismatch:The two password fields didn’t match.]
	at org.testng.Assert.fail(Assert.java:110)
	at org.testng.Assert.failNotEquals(Assert.java:1577)
	at org.testng.Assert.assertEqualsImpl(Assert.java:149)
	at org.testng.Assert.assertEquals(Assert.java:131)
	at org.testng.Assert.assertEquals(Assert.java:655)
	at org.testng.Assert.assertEquals(Assert.java:665)
	at stepdefinitions.RegitrationSteps.user_click_register_button_with_expected_message(RegitrationSteps.java:75)
	at ✽.user click register button with expected message(file:///C:/Users/kiran/eclipse-workspace/ZoomDs_algo/src/test/resources/features/3RegisterPage.feature:8)
</textarea>
      
      </div>
                  </div>
                  <div class="step pass-bg">
                    <span>HooksPkg.Hooks.tearDown(io.cucumber.java.Scenario)</span>
      <div>user navigate to registration page
          <div class="row mb-3"><div class="col-md-3">
<img data-featherlight='../ScreenShots/embedded7.png' src="../ScreenShots/embedded7.png">
    
    </div></div>
</div>
      <div>
      </div>
                  </div>
              </div>
            </div>
            <div class="card-body l1">
              <div class="card-header">
                <div class="card-title outline-child">
                  <div class="node" id="82"><span class="badge log fail-bg mr-2">Fail</span>user navigate to registration page</div>
                    <div class="status-avatar float-right">
                      <i class="fa fa-paperclip"></i>
                    </div>
                </div>
              </div>
              <div class="card-body mt-3 ">
                  <div class="step pass-bg">
                    <span>Given user click registration link</span>
      <div>
      </div>
                  </div>
                  <div class="step pass-bg">
                    <span>When user enter username,password,confirm password from given "Sheet1" and 8</span>
      <div>
      </div>
                  </div>
                  <div class="step fail-bg">
                    <span>Then user click register button with expected message</span>
      <div>
        <textarea disabled class="code-block">java.lang.AssertionError: expected [password_missmatch:The two password fields didn't match.] but found [password_mismatch:The two password fields didn’t match.]
	at org.testng.Assert.fail(Assert.java:110)
	at org.testng.Assert.failNotEquals(Assert.java:1577)
	at org.testng.Assert.assertEqualsImpl(Assert.java:149)
	at org.testng.Assert.assertEquals(Assert.java:131)
	at org.testng.Assert.assertEquals(Assert.java:655)
	at org.testng.Assert.assertEquals(Assert.java:665)
	at stepdefinitions.RegitrationSteps.user_click_register_button_with_expected_message(RegitrationSteps.java:75)
	at ✽.user click register button with expected message(file:///C:/Users/kiran/eclipse-workspace/ZoomDs_algo/src/test/resources/features/3RegisterPage.feature:8)
</textarea>
      
      </div>
                  </div>
                  <div class="step pass-bg">
                    <span>HooksPkg.Hooks.tearDown(io.cucumber.java.Scenario)</span>
      <div>user navigate to registration page
          <div class="row mb-3"><div class="col-md-3">
<img data-featherlight='../ScreenShots/embedded8.png' src="../ScreenShots/embedded8.png">
    
    </div></div>
</div>
      <div>
      </div>
                  </div>
              </div>
            </div>
            <div class="card-body l1">
              <div class="card-header">
                <div class="card-title outline-child">
                  <div class="node" id="89"><span class="badge log fail-bg mr-2">Fail</span>user navigate to registration page</div>
                    <div class="status-avatar float-right">
                      <i class="fa fa-paperclip"></i>
                    </div>
                </div>
              </div>
              <div class="card-body mt-3 ">
                  <div class="step pass-bg">
                    <span>Given user click registration link</span>
      <div>
      </div>
                  </div>
                  <div class="step pass-bg">
                    <span>When user enter username,password,confirm password from given "Sheet1" and 9</span>
      <div>
      </div>
                  </div>
                  <div class="step fail-bg">
                    <span>Then user click register button with expected message</span>
      <div>
        <textarea disabled class="code-block">java.lang.AssertionError: expected [password_missmatch:The two password fields didn't match.] but found [password_mismatch:The two password fields didn’t match.]
	at org.testng.Assert.fail(Assert.java:110)
	at org.testng.Assert.failNotEquals(Assert.java:1577)
	at org.testng.Assert.assertEqualsImpl(Assert.java:149)
	at org.testng.Assert.assertEquals(Assert.java:131)
	at org.testng.Assert.assertEquals(Assert.java:655)
	at org.testng.Assert.assertEquals(Assert.java:665)
	at stepdefinitions.RegitrationSteps.user_click_register_button_with_expected_message(RegitrationSteps.java:75)
	at ✽.user click register button with expected message(file:///C:/Users/kiran/eclipse-workspace/ZoomDs_algo/src/test/resources/features/3RegisterPage.feature:8)
</textarea>
      
      </div>
                  </div>
                  <div class="step pass-bg">
                    <span>HooksPkg.Hooks.tearDown(io.cucumber.java.Scenario)</span>
      <div>user navigate to registration page
          <div class="row mb-3"><div class="col-md-3">
<img data-featherlight='../ScreenShots/embedded9.png' src="../ScreenShots/embedded9.png">
    
    </div></div>
</div>
      <div>
      </div>
                  </div>
              </div>
            </div>
            <div class="card-body l1">
              <div class="card-header">
                <div class="card-title outline-child">
                  <div class="node" id="96"><span class="badge log fail-bg mr-2">Fail</span>user navigate to registration page</div>
                    <div class="status-avatar float-right">
                      <i class="fa fa-paperclip"></i>
                    </div>
                </div>
              </div>
              <div class="card-body mt-3 ">
                  <div class="step pass-bg">
                    <span>Given user click registration link</span>
      <div>
      </div>
                  </div>
                  <div class="step pass-bg">
                    <span>When user enter username,password,confirm password from given "Sheet1" and 10</span>
      <div>
      </div>
                  </div>
                  <div class="step fail-bg">
                    <span>Then user click register button with expected message</span>
      <div>
        <textarea disabled class="code-block">org.openqa.selenium.NoSuchElementException: no such element: Unable to locate element: {"method":"link text","selector":"Sign out"}
  (Session info: chrome=113.0.5672.92)
For documentation on this error, please visit: https://selenium.dev/exceptions/#no_such_element
Build info: version: '4.8.3', revision: 'e5e76298c3'
System info: os.name: 'Windows 11', os.arch: 'amd64', os.version: '10.0', java.version: '17.0.6'
Driver info: org.openqa.selenium.chrome.ChromeDriver
Command: [209158e6d71d2dacd2363d4a7915d47e, findElement {using=link text, value=Sign out}]
Capabilities {acceptInsecureCerts: false, browserName: chrome, browserVersion: 113.0.5672.92, chrome: {chromedriverVersion: 113.0.5672.63 (0e1a4471d5ae..., userDataDir: C:\Users\kiran\AppData\Loca...}, goog:chromeOptions: {debuggerAddress: localhost:62268}, networkConnectionEnabled: false, pageLoadStrategy: normal, platformName: WINDOWS, proxy: Proxy(), se:cdp: ws://localhost:62268/devtoo..., se:cdpVersion: 113.0.5672.92, setWindowRect: true, strictFileInteractability: false, timeouts: {implicit: 0, pageLoad: 300000, script: 30000}, unhandledPromptBehavior: dismiss and notify, webauthn:extension:credBlob: true, webauthn:extension:largeBlob: true, webauthn:extension:minPinLength: true, webauthn:extension:prf: true, webauthn:virtualAuthenticators: true}
Session ID: 209158e6d71d2dacd2363d4a7915d47e
	at java.base/jdk.internal.reflect.NativeConstructorAccessorImpl.newInstance0(Native Method)
	at java.base/jdk.internal.reflect.NativeConstructorAccessorImpl.newInstance(NativeConstructorAccessorImpl.java:77)
	at java.base/jdk.internal.reflect.DelegatingConstructorAccessorImpl.newInstance(DelegatingConstructorAccessorImpl.java:45)
	at java.base/java.lang.reflect.Constructor.newInstanceWithCaller(Constructor.java:499)
	at java.base/java.lang.reflect.Constructor.newInstance(Constructor.java:480)
	at org.openqa.selenium.remote.codec.w3c.W3CHttpResponseCodec.createException(W3CHttpResponseCodec.java:200)
	at org.openqa.selenium.remote.codec.w3c.W3CHttpResponseCodec.decode(W3CHttpResponseCodec.java:133)
	at org.openqa.selenium.remote.codec.w3c.W3CHttpResponseCodec.decode(W3CHttpResponseCodec.java:53)
	at org.openqa.selenium.remote.HttpCommandExecutor.execute(HttpCommandExecutor.java:193)
	at org.openqa.selenium.remote.service.DriverCommandExecutor.invokeExecute(DriverCommandExecutor.java:183)
	at org.openqa.selenium.remote.service.DriverCommandExecutor.execute(DriverCommandExecutor.java:158)
	at org.openqa.selenium.remote.RemoteWebDriver.execute(RemoteWebDriver.java:543)
	at org.openqa.selenium.remote.ElementLocation$ElementFinder$2.findElement(ElementLocation.java:162)
	at org.openqa.selenium.remote.ElementLocation.findElement(ElementLocation.java:60)
	at org.openqa.selenium.remote.RemoteWebDriver.findElement(RemoteWebDriver.java:352)
	at org.openqa.selenium.remote.RemoteWebDriver.findElement(RemoteWebDriver.java:344)
	at org.openqa.selenium.support.pagefactory.DefaultElementLocator.findElement(DefaultElementLocator.java:70)
	at org.openqa.selenium.support.pagefactory.internal.LocatingElementHandler.invoke(LocatingElementHandler.java:39)
	at jdk.proxy2/jdk.proxy2.$Proxy40.click(Unknown Source)
	at pageObjects.LoginPage.signoutclk(LoginPage.java:50)
	at stepdefinitions.RegitrationSteps.user_click_register_button_with_expected_message(RegitrationSteps.java:83)
	at ✽.user click register button with expected message(file:///C:/Users/kiran/eclipse-workspace/ZoomDs_algo/src/test/resources/features/3RegisterPage.feature:8)
</textarea>
      
      </div>
                  </div>
                  <div class="step pass-bg">
                    <span>HooksPkg.Hooks.tearDown(io.cucumber.java.Scenario)</span>
      <div>user navigate to registration page
          <div class="row mb-3"><div class="col-md-3">
<img data-featherlight='../ScreenShots/embedded10.png' src="../ScreenShots/embedded10.png">
    
    </div></div>
</div>
      <div>
      </div>
                  </div>
              </div>
            </div>
        </div>
  </div>
</div>
          </div>
        </li>
        <li class="test-item"  status="fail" test-id="103"
          author=""
          tag=""
          device="">
          <div class="test-detail">
            <p class="name">User enter valid and invalid credentials for login</p>
            <p class="text-sm">
              <span>8:45:09 AM</span> / <span>00:00:04:165</span>
              <span class="badge fail-bg log float-right">Fail</span>
            </p>
          </div>
          <div class="test-contents d-none">
<div class="detail-head">
<div class="p-v-10">
<div class="info">
<h5 class="test-status text-fail">User enter valid and invalid credentials for login</h5>
<span class='badge badge-success'>05.10.2023 8:45:09 AM</span>
<span class='badge badge-danger'>05.10.2023 8:45:13 AM</span>
<span class='badge badge-default'>00:00:04:165</span>
&middot; <span class='uri-anchor badge badge-default'>#test-id=103</span>
<span class='badge badge-default pointer float-right ml-1 et'><i class="fa fa-chevron-down"></i></span>
<span class='badge badge-default pointer float-right ct'><i class="fa fa-chevron-up"></i></span>
</div>
<div class="m-t-10 m-l-5"></div>
</div>
</div>
<div class="accordion mt-4">
  <div class="card">
    <div class="card-header" role="tab">
      <div class="card-title">
        <div class="node" id="104"><span class="badge log fail-bg mr-2">Fail</span>User on login page and login with inavalid and validinputs from Excel"<Sheetname>" and<RowNumber></div>
          <div class="status-avatar float-right mr-4">
            <i class="fa fa-paperclip"></i>
          </div>
      </div>
    </div>
        <div class="scenario_outline ">
            <div class="card-body l1">
              <div class="card-header">
                <div class="card-title outline-child">
                  <div class="node" id="105"><span class="badge log pass-bg mr-2">Pass</span>User on login page and login with inavalid and validinputs from Excel"Sheet1" and0</div>
                </div>
              </div>
              <div class="card-body mt-3 collapse">
                  <div class="step pass-bg">
                    <span>Given The user is on login page</span>
      <div>
      </div>
                  </div>
                  <div class="step pass-bg">
                    <span>When The user enter sheet"Sheet1" and 0</span>
      <div>
      </div>
                  </div>
                  <div class="step pass-bg">
                    <span>Then click login button</span>
      <div>
      </div>
                  </div>
              </div>
            </div>
            <div class="card-body l1">
              <div class="card-header">
                <div class="card-title outline-child">
                  <div class="node" id="112"><span class="badge log fail-bg mr-2">Fail</span>User on login page and login with inavalid and validinputs from Excel"Sheet1" and1</div>
                    <div class="status-avatar float-right">
                      <i class="fa fa-paperclip"></i>
                    </div>
                </div>
              </div>
              <div class="card-body mt-3 ">
                  <div class="step pass-bg">
                    <span>Given The user is on login page</span>
      <div>
      </div>
                  </div>
                  <div class="step pass-bg">
                    <span>When The user enter sheet"Sheet1" and 1</span>
      <div>
      </div>
                  </div>
                  <div class="step fail-bg">
                    <span>Then click login button</span>
      <div>
        <textarea disabled class="code-block">org.openqa.selenium.ElementClickInterceptedException: element click intercepted: Element <input type="submit" value="Login"> is not clickable at point (959, 126). Other element would receive the click: <iframe scrolling="no" frameborder="0" style="border: 0px; height: 50px; width: 48px; left: 927px; top: 102px; z-index: 2147483647; position: absolute;" src="https://gc.kis.v2.scr.kaspersky-labs.com/E3E8934C-235A-4B0E-825A-35A08381A191/kpm/kpm_promo_balloon.html?cssSrc=https%3A%2F%2Fgc.kis.v2.scr.kaspersky-labs.com%2FE3E8934C-235A-4B0E-825A-35A08381A191%2Fkpm%2Ftooltip.css"></iframe>
  (Session info: chrome=113.0.5672.92)
Build info: version: '4.8.3', revision: 'e5e76298c3'
System info: os.name: 'Windows 11', os.arch: 'amd64', os.version: '10.0', java.version: '17.0.6'
Driver info: org.openqa.selenium.chrome.ChromeDriver
Command: [209158e6d71d2dacd2363d4a7915d47e, clickElement {id=7DA0E9B770FC02296BF2083F4C69D705_element_175}]
Capabilities {acceptInsecureCerts: false, browserName: chrome, browserVersion: 113.0.5672.92, chrome: {chromedriverVersion: 113.0.5672.63 (0e1a4471d5ae..., userDataDir: C:\Users\kiran\AppData\Loca...}, goog:chromeOptions: {debuggerAddress: localhost:62268}, networkConnectionEnabled: false, pageLoadStrategy: normal, platformName: WINDOWS, proxy: Proxy(), se:cdp: ws://localhost:62268/devtoo..., se:cdpVersion: 113.0.5672.92, setWindowRect: true, strictFileInteractability: false, timeouts: {implicit: 0, pageLoad: 300000, script: 30000}, unhandledPromptBehavior: dismiss and notify, webauthn:extension:credBlob: true, webauthn:extension:largeBlob: true, webauthn:extension:minPinLength: true, webauthn:extension:prf: true, webauthn:virtualAuthenticators: true}
Element: [[ChromeDriver: chrome on WINDOWS (209158e6d71d2dacd2363d4a7915d47e)] -> xpath: //input[@value='Login']]
Session ID: 209158e6d71d2dacd2363d4a7915d47e
	at java.base/jdk.internal.reflect.NativeConstructorAccessorImpl.newInstance0(Native Method)
	at java.base/jdk.internal.reflect.NativeConstructorAccessorImpl.newInstance(NativeConstructorAccessorImpl.java:77)
	at java.base/jdk.internal.reflect.DelegatingConstructorAccessorImpl.newInstance(DelegatingConstructorAccessorImpl.java:45)
	at java.base/java.lang.reflect.Constructor.newInstanceWithCaller(Constructor.java:499)
	at java.base/java.lang.reflect.Constructor.newInstance(Constructor.java:480)
	at org.openqa.selenium.remote.codec.w3c.W3CHttpResponseCodec.createException(W3CHttpResponseCodec.java:200)
	at org.openqa.selenium.remote.codec.w3c.W3CHttpResponseCodec.decode(W3CHttpResponseCodec.java:133)
	at org.openqa.selenium.remote.codec.w3c.W3CHttpResponseCodec.decode(W3CHttpResponseCodec.java:53)
	at org.openqa.selenium.remote.HttpCommandExecutor.execute(HttpCommandExecutor.java:193)
	at org.openqa.selenium.remote.service.DriverCommandExecutor.invokeExecute(DriverCommandExecutor.java:183)
	at org.openqa.selenium.remote.service.DriverCommandExecutor.execute(DriverCommandExecutor.java:158)
	at org.openqa.selenium.remote.RemoteWebDriver.execute(RemoteWebDriver.java:543)
	at org.openqa.selenium.remote.RemoteWebElement.execute(RemoteWebElement.java:257)
	at org.openqa.selenium.remote.RemoteWebElement.click(RemoteWebElement.java:78)
	at jdk.internal.reflect.GeneratedMethodAccessor54.invoke(Unknown Source)
	at java.base/jdk.internal.reflect.DelegatingMethodAccessorImpl.invoke(DelegatingMethodAccessorImpl.java:43)
	at java.base/java.lang.reflect.Method.invoke(Method.java:568)
	at org.openqa.selenium.support.pagefactory.internal.LocatingElementHandler.invoke(LocatingElementHandler.java:52)
	at jdk.proxy2/jdk.proxy2.$Proxy40.click(Unknown Source)
	at pageObjects.LoginPage.loginbtnclk(LoginPage.java:46)
	at stepdefinitions.LoginpageSteps.click_login_button(LoginpageSteps.java:58)
	at ✽.click login button(file:///C:/Users/kiran/eclipse-workspace/ZoomDs_algo/src/test/resources/features/4LoginPage.feature:6)
</textarea>
      
      </div>
                  </div>
                  <div class="step pass-bg">
                    <span>HooksPkg.Hooks.tearDown(io.cucumber.java.Scenario)</span>
      <div>User on login page and login with inavalid and validinputs from Excel"Sheet1" and1
          <div class="row mb-3"><div class="col-md-3">
<img data-featherlight='../ScreenShots/embedded11.png' src="../ScreenShots/embedded11.png">
    
    </div></div>
</div>
      <div>
      </div>
                  </div>
              </div>
            </div>
            <div class="card-body l1">
              <div class="card-header">
                <div class="card-title outline-child">
                  <div class="node" id="119"><span class="badge log pass-bg mr-2">Pass</span>User on login page and login with inavalid and validinputs from Excel"Sheet1" and2</div>
                </div>
              </div>
              <div class="card-body mt-3 collapse">
                  <div class="step pass-bg">
                    <span>Given The user is on login page</span>
      <div>
      </div>
                  </div>
                  <div class="step pass-bg">
                    <span>When The user enter sheet"Sheet1" and 2</span>
      <div>
      </div>
                  </div>
                  <div class="step pass-bg">
                    <span>Then click login button</span>
      <div>
      </div>
                  </div>
              </div>
            </div>
            <div class="card-body l1">
              <div class="card-header">
                <div class="card-title outline-child">
                  <div class="node" id="126"><span class="badge log pass-bg mr-2">Pass</span>User on login page and login with inavalid and validinputs from Excel"Sheet1" and3</div>
                </div>
              </div>
              <div class="card-body mt-3 collapse">
                  <div class="step pass-bg">
                    <span>Given The user is on login page</span>
      <div>
      </div>
                  </div>
                  <div class="step pass-bg">
                    <span>When The user enter sheet"Sheet1" and 3</span>
      <div>
      </div>
                  </div>
                  <div class="step pass-bg">
                    <span>Then click login button</span>
      <div>
      </div>
                  </div>
              </div>
            </div>
        </div>
  </div>
</div>
          </div>
        </li>
      </ul>
    </div>
  </div>
<div class="test-content scrollable">
<div class="test-content-tools">
<ul><li><a class="back-to-test" href="#"><i class="fa fa-arrow-left"></i></a></li></ul>
</div>
<div class="test-content-detail"><div class="detail-body"></div></div>
</div></div>
<div class="test-wrapper row view exception-view attributes-view">
<div class="test-list">
<div class="test-list-tools">
<ul class="tools pull-left"><li><a href=""><span class="font-size-14">Exception</span></a></li></ul>
<ul class="tools text-right"><li><a href="#"><span class="badge badge-primary">3</span></a></li></ul>
</div>
<div class="test-list-wrapper scrollable">
<ul class="test-list-item">
<li class="test-item">
<div class="test-detail">
<span class="meta">
<span class='badge log badge-danger'>1</span>
</span>
<p class="name">org.openqa.selenium.ElementClickInterceptedException</p>
<p class="duration text-sm">1 tests</p>
</div>
<div class="test-contents d-none">
<div class="info">
<h4>org.openqa.selenium.ElementClickInterceptedException</h4>
<span status="fail" class='badge log badge-danger'>1 failed</span>
</div>
<table class='table table-sm mt-4'>
<thead>
<tr>
<th class="status-col">Status</th>
<th class="timestamp-col">Timestamp</th>
<th>TestName</th>
</tr>
</thead>
<tbody>
<tr class="tag-test-status" status="fail">
<td><span class="badge log fail-bg">Fail</span></td>
<td>08:45:10 AM</td>
<td>
<a href="#" class="linked" test-id='103' id='117'>Then click login button</a>
<div class="">
<span class="badge badge-default">User enter valid and invalid credentials for login.User on login page and login with inavalid and validinputs from Excel"Sheet1" and1.Then click login button</span>
</div>
</td>
</tr>
</tbody>
</table>
</div>
</li>
<li class="test-item">
<div class="test-detail">
<span class="meta">
<span class='badge log badge-danger'>1</span>
</span>
<p class="name">org.openqa.selenium.NoSuchElementException</p>
<p class="duration text-sm">1 tests</p>
</div>
<div class="test-contents d-none">
<div class="info">
<h4>org.openqa.selenium.NoSuchElementException</h4>
<span status="fail" class='badge log badge-danger'>1 failed</span>
</div>
<table class='table table-sm mt-4'>
<thead>
<tr>
<th class="status-col">Status</th>
<th class="timestamp-col">Timestamp</th>
<th>TestName</th>
</tr>
</thead>
<tbody>
<tr class="tag-test-status" status="fail">
<td><span class="badge log fail-bg">Fail</span></td>
<td>08:45:04 AM</td>
<td>
<a href="#" class="linked" test-id='24' id='101'>Then user click register button with expected message</a>
<div class="">
<span class="badge badge-default">feature to test new user registration.user navigate to registration page.Then user click register button with expected message</span>
</div>
</td>
</tr>
</tbody>
</table>
</div>
</li>
<li class="test-item">
<div class="test-detail">
<span class="meta">
<span class='badge log badge-danger'>9</span>
</span>
<p class="name">java.lang.AssertionError</p>
<p class="duration text-sm">9 tests</p>
</div>
<div class="test-contents d-none">
<div class="info">
<h4>java.lang.AssertionError</h4>
<span status="fail" class='badge log badge-danger'>9 failed</span>
</div>
<table class='table table-sm mt-4'>
<thead>
<tr>
<th class="status-col">Status</th>
<th class="timestamp-col">Timestamp</th>
<th>TestName</th>
</tr>
</thead>
<tbody>
<tr class="tag-test-status" status="fail">
<td><span class="badge log fail-bg">Fail</span></td>
<td>08:44:57 AM</td>
<td>
<a href="#" class="linked" test-id='24' id='38'>Then user click register button with expected message</a>
<div class="">
<span class="badge badge-default">feature to test new user registration.user navigate to registration page.Then user click register button with expected message</span>
</div>
</td>
</tr>
<tr class="tag-test-status" status="fail">
<td><span class="badge log fail-bg">Fail</span></td>
<td>08:44:58 AM</td>
<td>
<a href="#" class="linked" test-id='24' id='45'>Then user click register button with expected message</a>
<div class="">
<span class="badge badge-default">feature to test new user registration.user navigate to registration page.Then user click register button with expected message</span>
</div>
</td>
</tr>
<tr class="tag-test-status" status="fail">
<td><span class="badge log fail-bg">Fail</span></td>
<td>08:44:59 AM</td>
<td>
<a href="#" class="linked" test-id='24' id='52'>Then user click register button with expected message</a>
<div class="">
<span class="badge badge-default">feature to test new user registration.user navigate to registration page.Then user click register button with expected message</span>
</div>
</td>
</tr>
<tr class="tag-test-status" status="fail">
<td><span class="badge log fail-bg">Fail</span></td>
<td>08:44:59 AM</td>
<td>
<a href="#" class="linked" test-id='24' id='59'>Then user click register button with expected message</a>
<div class="">
<span class="badge badge-default">feature to test new user registration.user navigate to registration page.Then user click register button with expected message</span>
</div>
</td>
</tr>
<tr class="tag-test-status" status="fail">
<td><span class="badge log fail-bg">Fail</span></td>
<td>08:45:00 AM</td>
<td>
<a href="#" class="linked" test-id='24' id='66'>Then user click register button with expected message</a>
<div class="">
<span class="badge badge-default">feature to test new user registration.user navigate to registration page.Then user click register button with expected message</span>
</div>
</td>
</tr>
<tr class="tag-test-status" status="fail">
<td><span class="badge log fail-bg">Fail</span></td>
<td>08:45:01 AM</td>
<td>
<a href="#" class="linked" test-id='24' id='73'>Then user click register button with expected message</a>
<div class="">
<span class="badge badge-default">feature to test new user registration.user navigate to registration page.Then user click register button with expected message</span>
</div>
</td>
</tr>
<tr class="tag-test-status" status="fail">
<td><span class="badge log fail-bg">Fail</span></td>
<td>08:45:01 AM</td>
<td>
<a href="#" class="linked" test-id='24' id='80'>Then user click register button with expected message</a>
<div class="">
<span class="badge badge-default">feature to test new user registration.user navigate to registration page.Then user click register button with expected message</span>
</div>
</td>
</tr>
<tr class="tag-test-status" status="fail">
<td><span class="badge log fail-bg">Fail</span></td>
<td>08:45:03 AM</td>
<td>
<a href="#" class="linked" test-id='24' id='87'>Then user click register button with expected message</a>
<div class="">
<span class="badge badge-default">feature to test new user registration.user navigate to registration page.Then user click register button with expected message</span>
</div>
</td>
</tr>
<tr class="tag-test-status" status="fail">
<td><span class="badge log fail-bg">Fail</span></td>
<td>08:45:03 AM</td>
<td>
<a href="#" class="linked" test-id='24' id='94'>Then user click register button with expected message</a>
<div class="">
<span class="badge badge-default">feature to test new user registration.user navigate to registration page.Then user click register button with expected message</span>
</div>
</td>
</tr>
</tbody>
</table>
</div>
</li>
</ul>
</div>
</div>
<div class="test-content scrollable">
<div class="test-content-detail">
<div class="detail-body"></div>
</div>
</div>
</div><div class="test-wrapper row view category-view attributes-view">
<div class="test-list">
<div class="test-list-tools">
<ul class="tools pull-left"><li><a href=""><span class="font-size-14">Category</span></a></li></ul>
<ul class="tools text-right"><li><a href="#"><span class="badge badge-primary">4</span></a></li></ul>
</div>
<div class="test-list-wrapper scrollable">
<ul class="test-list-item">
<li class="test-item">
<div class="test-detail">
<span class="meta">
<span class='badge log pass-bg'>1</span>
</span>
<p class="name">@portal</p>
<p class="duration text-sm">1 tests</p>
</div>
<div class="test-contents d-none">
<div class="info">
<h4>@portal</h4>
<span status="pass" class='badge log pass-bg'>1 passed</span>
</div>
<table class='table table-sm mt-4'>
<thead>
<tr>
<th class="status-col">Status</th>
<th class="timestamp-col">Timestamp</th>
<th>TestName</th>
</tr>
</thead>
<tbody>
<tr class="tag-test-status" status="pass">
<td><span class="badge log pass-bg">Pass</span></td>
<td>08:44:41 AM</td>
<td>
<a href="#" class="linked" test-id='1' id='2'>Launch url and navigate to home page</a>
<div class="">
<span class="badge badge-default">feature to test ds algo portal link.Launch url and navigate to home page</span>
</div>
</td>
</tr>
</tbody>
</table>
</div>
</li>
<li class="test-item">
<div class="test-detail">
<span class="meta">
<span class='badge log pass-bg'>2</span>
</span>
<p class="name">@home</p>
<p class="duration text-sm">2 tests</p>
</div>
<div class="test-contents d-none">
<div class="info">
<h4>@home</h4>
<span status="pass" class='badge log pass-bg'>2 passed</span>
</div>
<table class='table table-sm mt-4'>
<thead>
<tr>
<th class="status-col">Status</th>
<th class="timestamp-col">Timestamp</th>
<th>TestName</th>
</tr>
</thead>
<tbody>
<tr class="tag-test-status" status="pass">
<td><span class="badge log pass-bg">Pass</span></td>
<td>08:44:54 AM</td>
<td>
<a href="#" class="linked" test-id='10' id='11'>User navigate to home page</a>
<div class="">
<span class="badge badge-default">evaluate home page.User navigate to home page</span>
</div>
</td>
</tr>
<tr class="tag-test-status" status="pass">
<td><span class="badge log pass-bg">Pass</span></td>
<td>08:44:55 AM</td>
<td>
<a href="#" class="linked" test-id='10' id='18'>Launch url and navigate to home page</a>
<div class="">
<span class="badge badge-default">evaluate home page.Launch url and navigate to home page</span>
</div>
</td>
</tr>
</tbody>
</table>
</div>
</li>
<li class="test-item">
<div class="test-detail">
<span class="meta">
<span class='badge log pass-bg'>1</span>
<span class='badge log badge-danger'>10</span>
</span>
<p class="name">@register</p>
<p class="duration text-sm">11 tests</p>
</div>
<div class="test-contents d-none">
<div class="info">
<h4>@register</h4>
<span status="pass" class='badge log pass-bg'>1 passed</span>
<span status="fail" class='badge log badge-danger'>10 failed</span>
</div>
<table class='table table-sm mt-4'>
<thead>
<tr>
<th class="status-col">Status</th>
<th class="timestamp-col">Timestamp</th>
<th>TestName</th>
</tr>
</thead>
<tbody>
<tr class="tag-test-status" status="pass">
<td><span class="badge log pass-bg">Pass</span></td>
<td>08:44:55 AM</td>
<td>
<a href="#" class="linked" test-id='24' id='26'>user navigate to registration page</a>
<div class="">
<span class="badge badge-default">feature to test new user registration.user navigate to registration page</span>
</div>
</td>
</tr>
<tr class="tag-test-status" status="fail">
<td><span class="badge log fail-bg">Fail</span></td>
<td>08:44:56 AM</td>
<td>
<a href="#" class="linked" test-id='24' id='33'>user navigate to registration page</a>
<div class="">
<span class="badge badge-default">feature to test new user registration.user navigate to registration page</span>
</div>
</td>
</tr>
<tr class="tag-test-status" status="fail">
<td><span class="badge log fail-bg">Fail</span></td>
<td>08:44:57 AM</td>
<td>
<a href="#" class="linked" test-id='24' id='40'>user navigate to registration page</a>
<div class="">
<span class="badge badge-default">feature to test new user registration.user navigate to registration page</span>
</div>
</td>
</tr>
<tr class="tag-test-status" status="fail">
<td><span class="badge log fail-bg">Fail</span></td>
<td>08:44:58 AM</td>
<td>
<a href="#" class="linked" test-id='24' id='47'>user navigate to registration page</a>
<div class="">
<span class="badge badge-default">feature to test new user registration.user navigate to registration page</span>
</div>
</td>
</tr>
<tr class="tag-test-status" status="fail">
<td><span class="badge log fail-bg">Fail</span></td>
<td>08:44:59 AM</td>
<td>
<a href="#" class="linked" test-id='24' id='54'>user navigate to registration page</a>
<div class="">
<span class="badge badge-default">feature to test new user registration.user navigate to registration page</span>
</div>
</td>
</tr>
<tr class="tag-test-status" status="fail">
<td><span class="badge log fail-bg">Fail</span></td>
<td>08:45:00 AM</td>
<td>
<a href="#" class="linked" test-id='24' id='61'>user navigate to registration page</a>
<div class="">
<span class="badge badge-default">feature to test new user registration.user navigate to registration page</span>
</div>
</td>
</tr>
<tr class="tag-test-status" status="fail">
<td><span class="badge log fail-bg">Fail</span></td>
<td>08:45:00 AM</td>
<td>
<a href="#" class="linked" test-id='24' id='68'>user navigate to registration page</a>
<div class="">
<span class="badge badge-default">feature to test new user registration.user navigate to registration page</span>
</div>
</td>
</tr>
<tr class="tag-test-status" status="fail">
<td><span class="badge log fail-bg">Fail</span></td>
<td>08:45:01 AM</td>
<td>
<a href="#" class="linked" test-id='24' id='75'>user navigate to registration page</a>
<div class="">
<span class="badge badge-default">feature to test new user registration.user navigate to registration page</span>
</div>
</td>
</tr>
<tr class="tag-test-status" status="fail">
<td><span class="badge log fail-bg">Fail</span></td>
<td>08:45:02 AM</td>
<td>
<a href="#" class="linked" test-id='24' id='82'>user navigate to registration page</a>
<div class="">
<span class="badge badge-default">feature to test new user registration.user navigate to registration page</span>
</div>
</td>
</tr>
<tr class="tag-test-status" status="fail">
<td><span class="badge log fail-bg">Fail</span></td>
<td>08:45:03 AM</td>
<td>
<a href="#" class="linked" test-id='24' id='89'>user navigate to registration page</a>
<div class="">
<span class="badge badge-default">feature to test new user registration.user navigate to registration page</span>
</div>
</td>
</tr>
<tr class="tag-test-status" status="fail">
<td><span class="badge log fail-bg">Fail</span></td>
<td>08:45:03 AM</td>
<td>
<a href="#" class="linked" test-id='24' id='96'>user navigate to registration page</a>
<div class="">
<span class="badge badge-default">feature to test new user registration.user navigate to registration page</span>
</div>
</td>
</tr>
</tbody>
</table>
</div>
</li>
<li class="test-item">
<div class="test-detail">
<span class="meta">
<span class='badge log pass-bg'>3</span>
<span class='badge log badge-danger'>1</span>
</span>
<p class="name">@login</p>
<p class="duration text-sm">4 tests</p>
</div>
<div class="test-contents d-none">
<div class="info">
<h4>@login</h4>
<span status="pass" class='badge log pass-bg'>3 passed</span>
<span status="fail" class='badge log badge-danger'>1 failed</span>
</div>
<table class='table table-sm mt-4'>
<thead>
<tr>
<th class="status-col">Status</th>
<th class="timestamp-col">Timestamp</th>
<th>TestName</th>
</tr>
</thead>
<tbody>
<tr class="tag-test-status" status="pass">
<td><span class="badge log pass-bg">Pass</span></td>
<td>08:45:09 AM</td>
<td>
<a href="#" class="linked" test-id='103' id='105'>User on login page and login with inavalid and validinputs from Excel"Sheet1" and0</a>
<div class="">
<span class="badge badge-default">User enter valid and invalid credentials for login.User on login page and login with inavalid and validinputs from Excel"Sheet1" and0</span>
</div>
</td>
</tr>
<tr class="tag-test-status" status="fail">
<td><span class="badge log fail-bg">Fail</span></td>
<td>08:45:10 AM</td>
<td>
<a href="#" class="linked" test-id='103' id='112'>User on login page and login with inavalid and validinputs from Excel"Sheet1" and1</a>
<div class="">
<span class="badge badge-default">User enter valid and invalid credentials for login.User on login page and login with inavalid and validinputs from Excel"Sheet1" and1</span>
</div>
</td>
</tr>
<tr class="tag-test-status" status="pass">
<td><span class="badge log pass-bg">Pass</span></td>
<td>08:45:12 AM</td>
<td>
<a href="#" class="linked" test-id='103' id='119'>User on login page and login with inavalid and validinputs from Excel"Sheet1" and2</a>
<div class="">
<span class="badge badge-default">User enter valid and invalid credentials for login.User on login page and login with inavalid and validinputs from Excel"Sheet1" and2</span>
</div>
</td>
</tr>
<tr class="tag-test-status" status="pass">
<td><span class="badge log pass-bg">Pass</span></td>
<td>08:45:13 AM</td>
<td>
<a href="#" class="linked" test-id='103' id='126'>User on login page and login with inavalid and validinputs from Excel"Sheet1" and3</a>
<div class="">
<span class="badge badge-default">User enter valid and invalid credentials for login.User on login page and login with inavalid and validinputs from Excel"Sheet1" and3</span>
</div>
</td>
</tr>
</tbody>
</table>
</div>
</li>
</ul>
</div>
</div>
<div class="test-content scrollable">
<div class="test-content-detail">
<div class="detail-body"></div>
</div>
</div>
</div><div class="container-fluid p-4 view dashboard-view">
<div class="row">
<div class="col-md-3">
<div class="card"><div class="card-body">
<p class="m-b-0">Started</p>
<h3>May 10, 2023 08:44:40 AM</h3>
</div></div>
</div>
<div class="col-md-3">
<div class="card"><div class="card-body">
<p class="m-b-0">Ended</p>
<h3>May 10, 2023 08:45:13 AM</h3>
</div></div>
</div>
<div class="col-md-3">
<div class="card"><div class="card-body">
<p class="m-b-0 text-pass">Features Passed</p>
<h3>2</h3>
</div></div>
</div>
<div class="col-md-3">
<div class="card"><div class="card-body">
<p class="m-b-0 text-fail">Features Failed</p>
<h3>2</h3>
</div></div>
</div>
</div>
<div class="row">
<div class="col-md-4">
<div class="card">
<div class="card-header">
<h6 class="card-title">Features</h6>
</div>
<div class="card-body">
<div class="">
<canvas id='parent-analysis' width='115' height='90'></canvas>
</div>
</div>
<div class="card-footer">
<div><small data-tooltip='50%'>
<b>2</b> features passed
</small>
</div>
<div>
<small data-tooltip='50%'><b>2</b> features failed,
<b>0</b> skipped, <b data-tooltip='0%'>0</b> others
</small>
</div>
</div>
</div>
</div>
<div class="col-md-4">
<div class="card">
<div class="card-header">
<h6 class="card-title">Scenarios</h6>
</div>
<div class="card-body">
<div class="">
<canvas id='child-analysis' width='115' height='90'></canvas>
</div>
</div>
<div class="card-footer">
<div><small data-tooltip='38%'><b>7</b> scenarios passed</small></div>
<div>
<small data-tooltip='61%'><b>11</b> scenarios failed,
<b>0</b> skipped, <b data-tooltip='%'>0</b> others
</small>
</div>
</div>
</div>
</div>
<div class="col-md-4">
<div class="card">
<div class="card-header">
<h6 class="card-title">Steps</h6>
</div>
<div class="card-body">
<div class="">
<canvas id='grandchild-analysis' width='115' height='90'></canvas>
</div>
</div>
<div class="card-footer">
<div><small data-tooltip='83%'><b>54</b> steps passed</small></div>
<div>
<small data-tooltip='16%'><b>11</b> steps failed,
<b>0</b> skipped, <b data-tooltip='%'>0</b> others
</small>
</div>
</div>
</div>
</div>
</div>
<div class="row"><div class="col-md-12">
<div class="card"><div class="card-header"><p>Timeline</p></div>
<div class="card-body pt-0"><div>
<canvas id="timeline" height="120"></canvas>
</div></div>
</div>
</div></div>
<script>
var timeline = {
"feature to test ds algo portal link":13.307,"evaluate home page":1.075,"feature to test new user registration":13.875,"User enter valid and invalid credentials for login":4.165
};
</script>
<div class="row">
<div class="col-lg-6 col-md-12 category-container">
<div class="card">
<div class="card-header"><p>Tags</p></div>
<div class="card-body pb-0 pt-0"><table class="table table-sm table-bordered">
<thead><tr class="bg-gray"><th>Name</th><th>Passed</th><th>Failed</th><th>Skipped</th><th>Others</th><th>Passed %</th></tr></thead><tbody>
<tr>
<td>@portal</td>
<td>1</td>
<td>0</td>
<td>0</td>
<td>0</td>
<td>100%</td>
</tr>
<tr>
<td>@home</td>
<td>2</td>
<td>0</td>
<td>0</td>
<td>0</td>
<td>100%</td>
</tr>
<tr>
<td>@register</td>
<td>1</td>
<td>10</td>
<td>0</td>
<td>0</td>
<td>9.091%</td>
</tr>
<tr>
<td>@login</td>
<td>3</td>
<td>1</td>
<td>0</td>
<td>0</td>
<td>75%</td>
</tr>
</tbody>
</table></div>
</div>
</div>
<div class="col-lg-6 col-md-12 sysenv-container">
<div class="card">
<div class="card-header"><p>System/Environment</p></div>
<div class="card-body pb-0 pt-0"><table class="table table-sm table-bordered">
<thead><tr class="bg-gray"><th>Name</th><th>Value</th></tr></thead>
<tbody>
<tr>
<td>user</td>
<td>Hima</td>
</tr>
<tr>
<td>project</td>
<td>DS-Algo109</td>
</tr>
<tr>
<td>Browser</td>
<td>GoogleChrome</td>
</tr>
<tr>
<td>os</td>
<td>windows</td>
</tr>
</tbody>
</table></div>
</div>
</div>
</div>
</div>
<script>
var statusGroup = {
parentCount: 5,
passParent: 2,
failParent: 2,
warningParent: 0,
skipParent: 0,
childCount: 5,
passChild: 7,
failChild: 11,
warningChild: 0,
skipChild: 0,
infoChild: 0,
grandChildCount: 5,
passGrandChild: 54,
failGrandChild: 11,
warningGrandChild: 0,
skipGrandChild: 0,
infoGrandChild: 0,
eventsCount: 5,
};
</script>        </div>
      </div>
    </div>
  </div>
<script src="https://cdn.jsdelivr.net/gh/extent-framework/extent-github-cdn@d6562a79075e061305ccfdb82f01e5e195e2d307/spark/js/spark-script.js"></script>
<script type="text/javascript"></script></body>
</html>