{"uuid":"23cce2a9-f011-41de-931a-59e6da09fbff","historyId":"c350f42389618d4759e31fb8f63beb2a","fullName":"Evaluate Linkedlist Module: User navigating to Insertion of Linked list page","labels":[{"name":"tag","value":"llist"},{"name":"host","value":"LAPTOP-TINQNFE1"},{"name":"thread","value":"6448@LAPTOP-TINQNFE1.main(1)"},{"name":"feature","value":"Evaluate Linkedlist Module"},{"name":"story","value":"User navigating to Insertion of Linked list page"},{"name":"suite","value":"Evaluate Linkedlist Module"},{"name":"testClass","value":"User navigating to Insertion of Linked list page"},{"name":"framework","value":"cucumber4jvm"},{"name":"language","value":"java"},{"name":"gherkin_uri","value":"file:///C:/Users/kiran/eclipse-workspace/ZoomDs_algo/src/test/resources/features/7LinkedlistPage.feature"},{"name":"package","value":"src.test.resources.features.7LinkedlistPage_feature.Evaluate Linkedlist Module"}],"links":[],"name":"User navigating to Insertion of Linked list page","status":"broken","statusDetails":{"known":false,"muted":false,"flaky":false,"message":"element not interactable\n  (Session info: chrome=113.0.5672.93)\nBuild info: version: '4.8.3', revision: 'e5e76298c3'\nSystem info: os.name: 'Windows 11', os.arch: 'amd64', os.version: '10.0', java.version: '20.0.1'\nDriver info: org.openqa.selenium.chrome.ChromeDriver\nCommand: [b1d91fc358de3f0eecf000d8d9a23fde, sendKeysToElement {id=C17F8BDD2AAA66EB4A2A8D7753CCD644_element_697, value=[Ljava.lang.CharSequence;@7fa2473a}]\nCapabilities {acceptInsecureCerts: false, browserName: chrome, browserVersion: 113.0.5672.93, chrome: {chromedriverVersion: 113.0.5672.63 (0e1a4471d5ae..., userDataDir: C:\\Users\\kiran\\AppData\\Loca...}, goog:chromeOptions: {debuggerAddress: localhost:58835}, networkConnectionEnabled: false, pageLoadStrategy: normal, platformName: WINDOWS, proxy: Proxy(), se:cdp: ws://localhost:58835/devtoo..., se:cdpVersion: 113.0.5672.93, setWindowRect: true, strictFileInteractability: false, timeouts: {implicit: 0, pageLoad: 300000, script: 30000}, unhandledPromptBehavior: dismiss and notify, webauthn:extension:credBlob: true, webauthn:extension:largeBlob: true, webauthn:extension:minPinLength: true, webauthn:extension:prf: true, webauthn:virtualAuthenticators: true}\nElement: [[ChromeDriver: chrome on WINDOWS (b1d91fc358de3f0eecf000d8d9a23fde)] -> xpath: //form[@id='answer_form']/div/div/div/textarea ]\nSession ID: b1d91fc358de3f0eecf000d8d9a23fde","trace":"org.openqa.selenium.ElementNotInteractableException: element not interactable\n  (Session info: chrome=113.0.5672.93)\nBuild info: version: '4.8.3', revision: 'e5e76298c3'\nSystem info: os.name: 'Windows 11', os.arch: 'amd64', os.version: '10.0', java.version: '20.0.1'\nDriver info: org.openqa.selenium.chrome.ChromeDriver\nCommand: [b1d91fc358de3f0eecf000d8d9a23fde, sendKeysToElement {id=C17F8BDD2AAA66EB4A2A8D7753CCD644_element_697, value=[Ljava.lang.CharSequence;@7fa2473a}]\nCapabilities {acceptInsecureCerts: false, browserName: chrome, browserVersion: 113.0.5672.93, chrome: {chromedriverVersion: 113.0.5672.63 (0e1a4471d5ae..., userDataDir: C:\\Users\\kiran\\AppData\\Loca...}, goog:chromeOptions: {debuggerAddress: localhost:58835}, networkConnectionEnabled: false, pageLoadStrategy: normal, platformName: WINDOWS, proxy: Proxy(), se:cdp: ws://localhost:58835/devtoo..., se:cdpVersion: 113.0.5672.93, setWindowRect: true, strictFileInteractability: false, timeouts: {implicit: 0, pageLoad: 300000, script: 30000}, unhandledPromptBehavior: dismiss and notify, webauthn:extension:credBlob: true, webauthn:extension:largeBlob: true, webauthn:extension:minPinLength: true, webauthn:extension:prf: true, webauthn:virtualAuthenticators: true}\nElement: [[ChromeDriver: chrome on WINDOWS (b1d91fc358de3f0eecf000d8d9a23fde)] -> xpath: //form[@id='answer_form']/div/div/div/textarea ]\nSession ID: b1d91fc358de3f0eecf000d8d9a23fde\r\n\tat java.base/jdk.internal.reflect.DirectConstructorHandleAccessor.newInstance(DirectConstructorHandleAccessor.java:67)\r\n\tat java.base/java.lang.reflect.Constructor.newInstanceWithCaller(Constructor.java:500)\r\n\tat java.base/java.lang.reflect.Constructor.newInstance(Constructor.java:484)\r\n\tat org.openqa.selenium.remote.codec.w3c.W3CHttpResponseCodec.createException(W3CHttpResponseCodec.java:200)\r\n\tat org.openqa.selenium.remote.codec.w3c.W3CHttpResponseCodec.decode(W3CHttpResponseCodec.java:133)\r\n\tat org.openqa.selenium.remote.codec.w3c.W3CHttpResponseCodec.decode(W3CHttpResponseCodec.java:53)\r\n\tat org.openqa.selenium.remote.HttpCommandExecutor.execute(HttpCommandExecutor.java:193)\r\n\tat org.openqa.selenium.remote.service.DriverCommandExecutor.invokeExecute(DriverCommandExecutor.java:183)\r\n\tat org.openqa.selenium.remote.service.DriverCommandExecutor.execute(DriverCommandExecutor.java:158)\r\n\tat org.openqa.selenium.remote.RemoteWebDriver.execute(RemoteWebDriver.java:543)\r\n\tat org.openqa.selenium.remote.RemoteWebElement.execute(RemoteWebElement.java:257)\r\n\tat org.openqa.selenium.remote.RemoteWebElement.sendKeys(RemoteWebElement.java:113)\r\n\tat java.base/jdk.internal.reflect.DirectMethodHandleAccessor.invoke(DirectMethodHandleAccessor.java:104)\r\n\tat java.base/java.lang.reflect.Method.invoke(Method.java:578)\r\n\tat org.openqa.selenium.support.pagefactory.internal.LocatingElementHandler.invoke(LocatingElementHandler.java:52)\r\n\tat jdk.proxy2/jdk.proxy2.$Proxy42.sendKeys(Unknown Source)\r\n\tat pageObjects.LinkedlistPage.excelPythonCode(LinkedlistPage.java:81)\r\n\tat stepdefinitions.LinklistSteps.the_user_enter_valid_python_code_in_try_editor_from_sheet_and(LinklistSteps.java:129)\r\n\tat ✽.The user Enter valid python code in tryEditor from sheet \"Sheet1\" and 0(file:///C:/Users/kiran/eclipse-workspace/ZoomDs_algo/src/test/resources/features/7LinkedlistPage.feature:152)\r\n"},"stage":"finished","steps":[{"name":"Given  The user is in Linked List page","status":"passed","statusDetails":{"known":false,"muted":false,"flaky":false},"stage":"finished","steps":[],"attachments":[],"parameters":[],"start":1684203270158,"stop":1684203270160},{"name":"When  The user clicks on \"the Insertion Linked list link\"","status":"passed","statusDetails":{"known":false,"muted":false,"flaky":false},"stage":"finished","steps":[],"attachments":[],"parameters":[],"start":1684203270160,"stop":1684203270504},{"name":"Then  The user should be redirected to tryEditor page with a Run button to test","status":"passed","statusDetails":{"known":false,"muted":false,"flaky":false},"stage":"finished","steps":[],"attachments":[],"parameters":[],"start":1684203270504,"stop":1684203270844},{"name":"And  The user Enter valid python code in tryEditor from sheet \"Sheet1\" and 0","status":"broken","statusDetails":{"known":false,"muted":false,"flaky":false,"message":"element not interactable\n  (Session info: chrome=113.0.5672.93)\nBuild info: version: '4.8.3', revision: 'e5e76298c3'\nSystem info: os.name: 'Windows 11', os.arch: 'amd64', os.version: '10.0', java.version: '20.0.1'\nDriver info: org.openqa.selenium.chrome.ChromeDriver\nCommand: [b1d91fc358de3f0eecf000d8d9a23fde, sendKeysToElement {id=C17F8BDD2AAA66EB4A2A8D7753CCD644_element_697, value=[Ljava.lang.CharSequence;@7fa2473a}]\nCapabilities {acceptInsecureCerts: false, browserName: chrome, browserVersion: 113.0.5672.93, chrome: {chromedriverVersion: 113.0.5672.63 (0e1a4471d5ae..., userDataDir: C:\\Users\\kiran\\AppData\\Loca...}, goog:chromeOptions: {debuggerAddress: localhost:58835}, networkConnectionEnabled: false, pageLoadStrategy: normal, platformName: WINDOWS, proxy: Proxy(), se:cdp: ws://localhost:58835/devtoo..., se:cdpVersion: 113.0.5672.93, setWindowRect: true, strictFileInteractability: false, timeouts: {implicit: 0, pageLoad: 300000, script: 30000}, unhandledPromptBehavior: dismiss and notify, webauthn:extension:credBlob: true, webauthn:extension:largeBlob: true, webauthn:extension:minPinLength: true, webauthn:extension:prf: true, webauthn:virtualAuthenticators: true}\nElement: [[ChromeDriver: chrome on WINDOWS (b1d91fc358de3f0eecf000d8d9a23fde)] -> xpath: //form[@id='answer_form']/div/div/div/textarea ]\nSession ID: b1d91fc358de3f0eecf000d8d9a23fde","trace":"org.openqa.selenium.ElementNotInteractableException: element not interactable\n  (Session info: chrome=113.0.5672.93)\nBuild info: version: '4.8.3', revision: 'e5e76298c3'\nSystem info: os.name: 'Windows 11', os.arch: 'amd64', os.version: '10.0', java.version: '20.0.1'\nDriver info: org.openqa.selenium.chrome.ChromeDriver\nCommand: [b1d91fc358de3f0eecf000d8d9a23fde, sendKeysToElement {id=C17F8BDD2AAA66EB4A2A8D7753CCD644_element_697, value=[Ljava.lang.CharSequence;@7fa2473a}]\nCapabilities {acceptInsecureCerts: false, browserName: chrome, browserVersion: 113.0.5672.93, chrome: {chromedriverVersion: 113.0.5672.63 (0e1a4471d5ae..., userDataDir: C:\\Users\\kiran\\AppData\\Loca...}, goog:chromeOptions: {debuggerAddress: localhost:58835}, networkConnectionEnabled: false, pageLoadStrategy: normal, platformName: WINDOWS, proxy: Proxy(), se:cdp: ws://localhost:58835/devtoo..., se:cdpVersion: 113.0.5672.93, setWindowRect: true, strictFileInteractability: false, timeouts: {implicit: 0, pageLoad: 300000, script: 30000}, unhandledPromptBehavior: dismiss and notify, webauthn:extension:credBlob: true, webauthn:extension:largeBlob: true, webauthn:extension:minPinLength: true, webauthn:extension:prf: true, webauthn:virtualAuthenticators: true}\nElement: [[ChromeDriver: chrome on WINDOWS (b1d91fc358de3f0eecf000d8d9a23fde)] -> xpath: //form[@id='answer_form']/div/div/div/textarea ]\nSession ID: b1d91fc358de3f0eecf000d8d9a23fde\r\n\tat java.base/jdk.internal.reflect.DirectConstructorHandleAccessor.newInstance(DirectConstructorHandleAccessor.java:67)\r\n\tat java.base/java.lang.reflect.Constructor.newInstanceWithCaller(Constructor.java:500)\r\n\tat java.base/java.lang.reflect.Constructor.newInstance(Constructor.java:484)\r\n\tat org.openqa.selenium.remote.codec.w3c.W3CHttpResponseCodec.createException(W3CHttpResponseCodec.java:200)\r\n\tat org.openqa.selenium.remote.codec.w3c.W3CHttpResponseCodec.decode(W3CHttpResponseCodec.java:133)\r\n\tat org.openqa.selenium.remote.codec.w3c.W3CHttpResponseCodec.decode(W3CHttpResponseCodec.java:53)\r\n\tat org.openqa.selenium.remote.HttpCommandExecutor.execute(HttpCommandExecutor.java:193)\r\n\tat org.openqa.selenium.remote.service.DriverCommandExecutor.invokeExecute(DriverCommandExecutor.java:183)\r\n\tat org.openqa.selenium.remote.service.DriverCommandExecutor.execute(DriverCommandExecutor.java:158)\r\n\tat org.openqa.selenium.remote.RemoteWebDriver.execute(RemoteWebDriver.java:543)\r\n\tat org.openqa.selenium.remote.RemoteWebElement.execute(RemoteWebElement.java:257)\r\n\tat org.openqa.selenium.remote.RemoteWebElement.sendKeys(RemoteWebElement.java:113)\r\n\tat java.base/jdk.internal.reflect.DirectMethodHandleAccessor.invoke(DirectMethodHandleAccessor.java:104)\r\n\tat java.base/java.lang.reflect.Method.invoke(Method.java:578)\r\n\tat org.openqa.selenium.support.pagefactory.internal.LocatingElementHandler.invoke(LocatingElementHandler.java:52)\r\n\tat jdk.proxy2/jdk.proxy2.$Proxy42.sendKeys(Unknown Source)\r\n\tat pageObjects.LinkedlistPage.excelPythonCode(LinkedlistPage.java:81)\r\n\tat stepdefinitions.LinklistSteps.the_user_enter_valid_python_code_in_try_editor_from_sheet_and(LinklistSteps.java:129)\r\n\tat ✽.The user Enter valid python code in tryEditor from sheet \"Sheet1\" and 0(file:///C:/Users/kiran/eclipse-workspace/ZoomDs_algo/src/test/resources/features/7LinkedlistPage.feature:152)\r\n"},"stage":"finished","steps":[],"attachments":[],"parameters":[],"start":1684203270844,"stop":1684203276002},{"name":"And  user click on Run button","status":"skipped","statusDetails":{"known":false,"muted":false,"flaky":false},"stage":"finished","steps":[],"attachments":[],"parameters":[],"start":1684203276002,"stop":1684203276002},{"name":"Then  The user should be presented with the Run output","status":"skipped","statusDetails":{"known":false,"muted":false,"flaky":false},"stage":"finished","steps":[],"attachments":[],"parameters":[],"start":1684203276003,"stop":1684203276003}],"attachments":[],"parameters":[{"name":"sheetname","value":"Sheet1"},{"name":"rowno","value":"0"}],"start":1684203270157,"stop":1684203276228}