<?xml version="1.0" encoding="UTF-8"?>
<testng-results ignored="0" total="16" passed="16" failed="0" skipped="0">
  <reporter-output>
  </reporter-output>
  <suite started-at="2023-05-12T10:16:38 EDT" name="crossBrowserTestSuite" finished-at="2023-05-12T10:17:01 EDT" duration-ms="23366">
    <groups>
      <group name="cucumber">
        <method signature="AbstractTestNGCucumberTests.runScenario(io.cucumber.testng.PickleWrapper,io.cucumber.testng.FeatureWrapper)[pri:0, instance:testRunner.TestNGTestRunner@4b40f651]" name="runScenario" class="io.cucumber.testng.AbstractTestNGCucumberTests"/>
        <method signature="AbstractTestNGCucumberTests.runScenario(io.cucumber.testng.PickleWrapper,io.cucumber.testng.FeatureWrapper)[pri:0, instance:testRunner.TestNGTestRunner@8ad6665]" name="runScenario" class="io.cucumber.testng.AbstractTestNGCucumberTests"/>
      </group> <!-- cucumber -->
    </groups>
    <test started-at="2023-05-12T10:16:38 EDT" name="chromeTest" finished-at="2023-05-12T10:16:55 EDT" duration-ms="16840">
      <class name="testRunner.TestNGTestRunner">
        <test-method is-config="true" signature="defineBrowser(java.lang.String)[pri:0, instance:testRunner.TestNGTestRunner@4b40f651]" started-at="2023-05-12T10:16:38 EDT" name="defineBrowser" finished-at="2023-05-12T10:16:38 EDT" duration-ms="23" status="PASS">
          <params>
            <param index="0">
              <value>
                <![CDATA[Chrome]]>
              </value>
            </param>
          </params>
          <reporter-output>
          </reporter-output>
        </test-method> <!-- defineBrowser -->
        <test-method is-config="true" signature="setUpClass(org.testng.ITestContext)[pri:0, instance:testRunner.TestNGTestRunner@4b40f651]" started-at="2023-05-12T10:16:38 EDT" name="setUpClass" finished-at="2023-05-12T10:16:39 EDT" duration-ms="666" status="PASS">
          <params>
            <param index="0">
              <value>
                <![CDATA[org.testng.TestRunner@6b3e12b5]]>
              </value>
            </param>
          </params>
          <reporter-output>
          </reporter-output>
        </test-method> <!-- setUpClass -->
        <test-method signature="runScenario(io.cucumber.testng.PickleWrapper,io.cucumber.testng.FeatureWrapper)[pri:0, instance:testRunner.TestNGTestRunner@4b40f651]" started-at="2023-05-12T10:16:39 EDT" name="runScenario" description="Runs Cucumber Scenarios" data-provider="scenarios" finished-at="2023-05-12T10:16:43 EDT" duration-ms="4217" status="PASS">
          <params>
            <param index="0">
              <value>
                <![CDATA["Launch url and navigate to home page"]]>
              </value>
            </param>
            <param index="1">
              <value>
                <![CDATA["feature to test ds algo portal link"]]>
              </value>
            </param>
          </params>
          <reporter-output>
          </reporter-output>
        </test-method> <!-- runScenario -->
        <test-method signature="runScenario(io.cucumber.testng.PickleWrapper,io.cucumber.testng.FeatureWrapper)[pri:0, instance:testRunner.TestNGTestRunner@4b40f651]" started-at="2023-05-12T10:16:43 EDT" name="runScenario" description="Runs Cucumber Scenarios" data-provider="scenarios" finished-at="2023-05-12T10:16:44 EDT" duration-ms="1054" status="PASS">
          <params>
            <param index="0">
              <value>
                <![CDATA["User on login page and login with inavalid and validinputs from Excel"Sheet1" and0"]]>
              </value>
            </param>
            <param index="1">
              <value>
                <![CDATA["User enter valid and invalid credentials for login"]]>
              </value>
            </param>
          </params>
          <reporter-output>
          </reporter-output>
        </test-method> <!-- runScenario -->
        <test-method signature="runScenario(io.cucumber.testng.PickleWrapper,io.cucumber.testng.FeatureWrapper)[pri:0, instance:testRunner.TestNGTestRunner@4b40f651]" started-at="2023-05-12T10:16:44 EDT" name="runScenario" description="Runs Cucumber Scenarios" data-provider="scenarios" finished-at="2023-05-12T10:16:45 EDT" duration-ms="1467" status="PASS">
          <params>
            <param index="0">
              <value>
                <![CDATA["User on login page and login with inavalid and validinputs from Excel"Sheet1" and1"]]>
              </value>
            </param>
            <param index="1">
              <value>
                <![CDATA["User enter valid and invalid credentials for login"]]>
              </value>
            </param>
          </params>
          <reporter-output>
          </reporter-output>
        </test-method> <!-- runScenario -->
        <test-method signature="runScenario(io.cucumber.testng.PickleWrapper,io.cucumber.testng.FeatureWrapper)[pri:0, instance:testRunner.TestNGTestRunner@4b40f651]" started-at="2023-05-12T10:16:45 EDT" name="runScenario" description="Runs Cucumber Scenarios" data-provider="scenarios" finished-at="2023-05-12T10:16:46 EDT" duration-ms="599" status="PASS">
          <params>
            <param index="0">
              <value>
                <![CDATA["User on login page and login with inavalid and validinputs from Excel"Sheet1" and2"]]>
              </value>
            </param>
            <param index="1">
              <value>
                <![CDATA["User enter valid and invalid credentials for login"]]>
              </value>
            </param>
          </params>
          <reporter-output>
          </reporter-output>
        </test-method> <!-- runScenario -->
        <test-method signature="runScenario(io.cucumber.testng.PickleWrapper,io.cucumber.testng.FeatureWrapper)[pri:0, instance:testRunner.TestNGTestRunner@4b40f651]" started-at="2023-05-12T10:16:46 EDT" name="runScenario" description="Runs Cucumber Scenarios" data-provider="scenarios" finished-at="2023-05-12T10:16:47 EDT" duration-ms="638" status="PASS">
          <params>
            <param index="0">
              <value>
                <![CDATA["User on login page and login with inavalid and validinputs from Excel"Sheet1" and3"]]>
              </value>
            </param>
            <param index="1">
              <value>
                <![CDATA["User enter valid and invalid credentials for login"]]>
              </value>
            </param>
          </params>
          <reporter-output>
          </reporter-output>
        </test-method> <!-- runScenario -->
        <test-method signature="runScenario(io.cucumber.testng.PickleWrapper,io.cucumber.testng.FeatureWrapper)[pri:0, instance:testRunner.TestNGTestRunner@4b40f651]" started-at="2023-05-12T10:16:47 EDT" name="runScenario" description="Runs Cucumber Scenarios" data-provider="scenarios" finished-at="2023-05-12T10:16:54 EDT" duration-ms="7269" status="PASS">
          <params>
            <param index="0">
              <value>
                <![CDATA["User is able to navigate Data Structures Introduction"]]>
              </value>
            </param>
            <param index="1">
              <value>
                <![CDATA["Evaluate Data stuructures Introduction"]]>
              </value>
            </param>
          </params>
          <reporter-output>
          </reporter-output>
        </test-method> <!-- runScenario -->
        <test-method signature="runScenario(io.cucumber.testng.PickleWrapper,io.cucumber.testng.FeatureWrapper)[pri:0, instance:testRunner.TestNGTestRunner@4b40f651]" started-at="2023-05-12T10:16:54 EDT" name="runScenario" description="Runs Cucumber Scenarios" data-provider="scenarios" finished-at="2023-05-12T10:16:54 EDT" duration-ms="442" status="PASS">
          <params>
            <param index="0">
              <value>
                <![CDATA["User is able to navigate to tryeditor page and run invalid python code"]]>
              </value>
            </param>
            <param index="1">
              <value>
                <![CDATA["Evaluate Data stuructures Introduction"]]>
              </value>
            </param>
          </params>
          <reporter-output>
          </reporter-output>
        </test-method> <!-- runScenario -->
        <test-method signature="runScenario(io.cucumber.testng.PickleWrapper,io.cucumber.testng.FeatureWrapper)[pri:0, instance:testRunner.TestNGTestRunner@4b40f651]" started-at="2023-05-12T10:16:54 EDT" name="runScenario" description="Runs Cucumber Scenarios" data-provider="scenarios" finished-at="2023-05-12T10:16:55 EDT" duration-ms="269" status="PASS">
          <params>
            <param index="0">
              <value>
                <![CDATA["User is able to navigate to practice questions"]]>
              </value>
            </param>
            <param index="1">
              <value>
                <![CDATA["Evaluate Data stuructures Introduction"]]>
              </value>
            </param>
          </params>
          <reporter-output>
          </reporter-output>
        </test-method> <!-- runScenario -->
        <test-method is-config="true" signature="tearDownClass()[pri:0, instance:testRunner.TestNGTestRunner@4b40f651]" started-at="2023-05-12T10:16:55 EDT" name="tearDownClass" finished-at="2023-05-12T10:16:55 EDT" duration-ms="46" status="PASS">
          <reporter-output>
          </reporter-output>
        </test-method> <!-- tearDownClass -->
      </class> <!-- testRunner.TestNGTestRunner -->
    </test> <!-- chromeTest -->
    <test started-at="2023-05-12T10:16:55 EDT" name="EdgeTest" finished-at="2023-05-12T10:17:01 EDT" duration-ms="6500">
      <class name="testRunner.TestNGTestRunner">
        <test-method is-config="true" signature="defineBrowser(java.lang.String)[pri:0, instance:testRunner.TestNGTestRunner@8ad6665]" started-at="2023-05-12T10:16:55 EDT" name="defineBrowser" finished-at="2023-05-12T10:16:55 EDT" duration-ms="1" status="PASS">
          <params>
            <param index="0">
              <value>
                <![CDATA[edge]]>
              </value>
            </param>
          </params>
          <reporter-output>
          </reporter-output>
        </test-method> <!-- defineBrowser -->
        <test-method is-config="true" signature="setUpClass(org.testng.ITestContext)[pri:0, instance:testRunner.TestNGTestRunner@8ad6665]" started-at="2023-05-12T10:16:55 EDT" name="setUpClass" finished-at="2023-05-12T10:16:55 EDT" duration-ms="74" status="PASS">
          <params>
            <param index="0">
              <value>
                <![CDATA[org.testng.TestRunner@5aac4250]]>
              </value>
            </param>
          </params>
          <reporter-output>
          </reporter-output>
        </test-method> <!-- setUpClass -->
        <test-method signature="runScenario(io.cucumber.testng.PickleWrapper,io.cucumber.testng.FeatureWrapper)[pri:0, instance:testRunner.TestNGTestRunner@8ad6665]" started-at="2023-05-12T10:16:55 EDT" name="runScenario" description="Runs Cucumber Scenarios" data-provider="scenarios" finished-at="2023-05-12T10:16:55 EDT" duration-ms="577" status="PASS">
          <params>
            <param index="0">
              <value>
                <![CDATA["Launch url and navigate to home page"]]>
              </value>
            </param>
            <param index="1">
              <value>
                <![CDATA["feature to test ds algo portal link"]]>
              </value>
            </param>
          </params>
          <reporter-output>
          </reporter-output>
        </test-method> <!-- runScenario -->
        <test-method signature="runScenario(io.cucumber.testng.PickleWrapper,io.cucumber.testng.FeatureWrapper)[pri:0, instance:testRunner.TestNGTestRunner@8ad6665]" started-at="2023-05-12T10:16:55 EDT" name="runScenario" description="Runs Cucumber Scenarios" data-provider="scenarios" finished-at="2023-05-12T10:16:56 EDT" duration-ms="531" status="PASS">
          <params>
            <param index="0">
              <value>
                <![CDATA["User on login page and login with inavalid and validinputs from Excel"Sheet1" and0"]]>
              </value>
            </param>
            <param index="1">
              <value>
                <![CDATA["User enter valid and invalid credentials for login"]]>
              </value>
            </param>
          </params>
          <reporter-output>
          </reporter-output>
        </test-method> <!-- runScenario -->
        <test-method signature="runScenario(io.cucumber.testng.PickleWrapper,io.cucumber.testng.FeatureWrapper)[pri:0, instance:testRunner.TestNGTestRunner@8ad6665]" started-at="2023-05-12T10:16:56 EDT" name="runScenario" description="Runs Cucumber Scenarios" data-provider="scenarios" finished-at="2023-05-12T10:16:58 EDT" duration-ms="1616" status="PASS">
          <params>
            <param index="0">
              <value>
                <![CDATA["User on login page and login with inavalid and validinputs from Excel"Sheet1" and1"]]>
              </value>
            </param>
            <param index="1">
              <value>
                <![CDATA["User enter valid and invalid credentials for login"]]>
              </value>
            </param>
          </params>
          <reporter-output>
          </reporter-output>
        </test-method> <!-- runScenario -->
        <test-method signature="runScenario(io.cucumber.testng.PickleWrapper,io.cucumber.testng.FeatureWrapper)[pri:0, instance:testRunner.TestNGTestRunner@8ad6665]" started-at="2023-05-12T10:16:58 EDT" name="runScenario" description="Runs Cucumber Scenarios" data-provider="scenarios" finished-at="2023-05-12T10:16:58 EDT" duration-ms="637" status="PASS">
          <params>
            <param index="0">
              <value>
                <![CDATA["User on login page and login with inavalid and validinputs from Excel"Sheet1" and2"]]>
              </value>
            </param>
            <param index="1">
              <value>
                <![CDATA["User enter valid and invalid credentials for login"]]>
              </value>
            </param>
          </params>
          <reporter-output>
          </reporter-output>
        </test-method> <!-- runScenario -->
        <test-method signature="runScenario(io.cucumber.testng.PickleWrapper,io.cucumber.testng.FeatureWrapper)[pri:0, instance:testRunner.TestNGTestRunner@8ad6665]" started-at="2023-05-12T10:16:58 EDT" name="runScenario" description="Runs Cucumber Scenarios" data-provider="scenarios" finished-at="2023-05-12T10:16:59 EDT" duration-ms="814" status="PASS">
          <params>
            <param index="0">
              <value>
                <![CDATA["User on login page and login with inavalid and validinputs from Excel"Sheet1" and3"]]>
              </value>
            </param>
            <param index="1">
              <value>
                <![CDATA["User enter valid and invalid credentials for login"]]>
              </value>
            </param>
          </params>
          <reporter-output>
          </reporter-output>
        </test-method> <!-- runScenario -->
        <test-method signature="runScenario(io.cucumber.testng.PickleWrapper,io.cucumber.testng.FeatureWrapper)[pri:0, instance:testRunner.TestNGTestRunner@8ad6665]" started-at="2023-05-12T10:16:59 EDT" name="runScenario" description="Runs Cucumber Scenarios" data-provider="scenarios" finished-at="2023-05-12T10:17:00 EDT" duration-ms="1078" status="PASS">
          <params>
            <param index="0">
              <value>
                <![CDATA["User is able to navigate Data Structures Introduction"]]>
              </value>
            </param>
            <param index="1">
              <value>
                <![CDATA["Evaluate Data stuructures Introduction"]]>
              </value>
            </param>
          </params>
          <reporter-output>
          </reporter-output>
        </test-method> <!-- runScenario -->
        <test-method signature="runScenario(io.cucumber.testng.PickleWrapper,io.cucumber.testng.FeatureWrapper)[pri:0, instance:testRunner.TestNGTestRunner@8ad6665]" started-at="2023-05-12T10:17:00 EDT" name="runScenario" description="Runs Cucumber Scenarios" data-provider="scenarios" finished-at="2023-05-12T10:17:01 EDT" duration-ms="858" status="PASS">
          <params>
            <param index="0">
              <value>
                <![CDATA["User is able to navigate to tryeditor page and run invalid python code"]]>
              </value>
            </param>
            <param index="1">
              <value>
                <![CDATA["Evaluate Data stuructures Introduction"]]>
              </value>
            </param>
          </params>
          <reporter-output>
          </reporter-output>
        </test-method> <!-- runScenario -->
        <test-method signature="runScenario(io.cucumber.testng.PickleWrapper,io.cucumber.testng.FeatureWrapper)[pri:0, instance:testRunner.TestNGTestRunner@8ad6665]" started-at="2023-05-12T10:17:01 EDT" name="runScenario" description="Runs Cucumber Scenarios" data-provider="scenarios" finished-at="2023-05-12T10:17:01 EDT" duration-ms="256" status="PASS">
          <params>
            <param index="0">
              <value>
                <![CDATA["User is able to navigate to practice questions"]]>
              </value>
            </param>
            <param index="1">
              <value>
                <![CDATA["Evaluate Data stuructures Introduction"]]>
              </value>
            </param>
          </params>
          <reporter-output>
          </reporter-output>
        </test-method> <!-- runScenario -->
        <test-method is-config="true" signature="tearDownClass()[pri:0, instance:testRunner.TestNGTestRunner@8ad6665]" started-at="2023-05-12T10:17:01 EDT" name="tearDownClass" finished-at="2023-05-12T10:17:01 EDT" duration-ms="23" status="PASS">
          <reporter-output>
          </reporter-output>
        </test-method> <!-- tearDownClass -->
      </class> <!-- testRunner.TestNGTestRunner -->
    </test> <!-- EdgeTest -->
  </suite> <!-- crossBrowserTestSuite -->
</testng-results>
